<?xml version="1.0" encoding="UTF-8"?>
<!-- Generated by org.testng.reporters.JUnitReportReporter -->
<testsuite hostname="sowmiii" failures="0" tests="3" name="com.Annotation.Anotations" time="0.117" errors="0" timestamp="2023-03-07T22:40:38 IST" skipped="0">
  <testcase classname="com.Annotation.Anotations" name="hearphone" time="0.036"/>
  <system-out/>
  <testcase classname="com.Annotation.Anotations" name="mobile" time="0.034"/>
  <system-out/>
  <testcase classname="com.Annotation.Anotations" name="dress" time="0.047"/>
  <system-out/>
</testsuite> <!-- com.Annotation.Anotations -->
