<?xml version="1.0" encoding="UTF-8"?>
<!-- Generated by org.testng.reporters.JUnitReportReporter -->
<testsuite hostname="sowmiii" failures="0" tests="3" name="com.Features.Parameter1" time="0.200" errors="0" timestamp="2023-03-18T17:00:05 IST" skipped="0">
  <testcase classname="com.Features.Parameter1" name="Userdata1" time="0.166"/>
  <system-out/>
  <testcase classname="com.Features.Parameter1" name="Userdata1" time="0.014"/>
  <system-out/>
  <testcase classname="com.Features.Parameter1" name="Userdata1" time="0.020"/>
  <system-out/>
</testsuite> <!-- com.Features.Parameter1 -->
