<?xml version="1.0" encoding="UTF-8"?>
<!-- Generated by org.testng.reporters.JUnitReportReporter -->
<testsuite hostname="sowmiii" failures="0" tests="2" name="com.TestNgle.TestNg" time="0.075" errors="0" timestamp="2023-01-28T16:38:17 IST" skipped="0">
  <testcase classname="com.TestNgle.TestNg" name="dress" time="0.055"/>
  <system-out/>
  <testcase classname="com.TestNgle.TestNg" name="women" time="0.020"/>
  <system-out/>
</testsuite> <!-- com.TestNgle.TestNg -->
