<?xml version="1.0" encoding="UTF-8"?>
<!-- Generated by org.testng.reporters.JUnitReportReporter -->
<testsuite hostname="sowmiii" failures="0" tests="4" name="com.Features.GroupTest" time="0.077" errors="0" timestamp="2023-03-11T14:15:56 IST" skipped="0">
  <testcase classname="com.Features.GroupTest" name="Ironman" time="0.006"/>
  <system-out/>
  <testcase classname="com.Features.GroupTest" name="batman" time="0.005"/>
  <system-out/>
  <testcase classname="com.Features.GroupTest" name="harly" time="0.004"/>
  <system-out/>
  <testcase classname="com.Features.GroupTest" name="BlackPather" time="0.062"/>
  <system-out/>
</testsuite> <!-- com.Features.GroupTest -->
