<?xml version="1.0" encoding="UTF-8"?>
<!-- Generated by org.testng.reporters.JUnitReportReporter -->
<testsuite hostname="sowmiii" failures="0" tests="3" name="com.TestNg.SimpleAnnoataions" time="0.144" errors="0" timestamp="2023-01-29T12:01:06 IST" skipped="0">
  <testcase classname="com.TestNg.SimpleAnnoataions" name="Laptop" time="0.096"/>
  <testcase classname="com.TestNg.SimpleAnnoataions" name="Mobile" time="0.019"/>
  <testcase classname="com.TestNg.SimpleAnnoataions" name="dress" time="0.029"/>
</testsuite> <!-- com.TestNg.SimpleAnnoataions -->
