<?xml version="1.0" encoding="UTF-8"?>
<!-- Generated by org.testng.reporters.JUnitReportReporter -->
<testsuite hostname="sowmiii" failures="0" tests="3" name="com.Features.Priority" time="0.144" errors="0" timestamp="2023-03-11T13:53:53 IST" skipped="0">
  <testcase classname="com.Features.Priority" name="Data1" time="0.114"/>
  <system-out/>
  <testcase classname="com.Features.Priority" name="username" time="0.007"/>
  <system-out/>
  <testcase classname="com.Features.Priority" name="Password" time="0.023"/>
  <system-out/>
</testsuite> <!-- com.Features.Priority -->
