<?xml version="1.0" encoding="UTF-8"?>
<!-- Generated by org.testng.reporters.JUnitReportReporter -->
<testsuite hostname="sowmiii" failures="0" tests="3" name="com.Features.INgnore" time="0.058" errors="0" timestamp="2023-03-11T13:41:35 IST" skipped="0">
  <testcase classname="com.Features.INgnore" name="user" time="0.010"/>
  <system-out/>
  <testcase classname="com.Features.INgnore" name="Password" time="0.040"/>
  <system-out/>
  <testcase classname="com.Features.INgnore" name="username" time="0.008"/>
  <system-out/>
</testsuite> <!-- com.Features.INgnore -->
