<?xml version="1.0" encoding="UTF-8"?>
<!-- Generated by org.testng.reporters.JUnitReportReporter -->
<testsuite hostname="sowmiii" failures="0" tests="5" name="com.Features.Dependency" time="0.119" errors="0" timestamp="2023-03-12T11:10:51 IST" skipped="0">
  <testcase classname="com.Features.Dependency" name="HigherSecoundry" time="0.008"/>
  <system-out/>
  <testcase classname="com.Features.Dependency" name="Secoundry" time="0.062"/>
  <system-out/>
  <testcase classname="com.Features.Dependency" name="College" time="0.012"/>
  <system-out/>
  <testcase classname="com.Features.Dependency" name="HigherSecoundry" time="0.006"/>
  <system-out/>
  <testcase classname="com.Features.Dependency" name="HigherSecoundry" time="0.031"/>
  <system-out/>
</testsuite> <!-- com.Features.Dependency -->
