<?xml version="1.0" encoding="UTF-8"?>
<!-- Generated by org.testng.reporters.JUnitReportReporter -->
<testsuite hostname="sowmiii" failures="0" tests="5" name="com.Features.InvocationCount" time="0.107" errors="0" timestamp="2023-03-12T11:09:35 IST" skipped="0">
  <testcase classname="com.Features.InvocationCount" name="Refresh" time="0.003"/>
  <system-out/>
  <testcase classname="com.Features.InvocationCount" name="Refresh" time="0.071"/>
  <system-out/>
  <testcase classname="com.Features.InvocationCount" name="Refresh" time="0.017"/>
  <system-out/>
  <testcase classname="com.Features.InvocationCount" name="Refresh" time="0.011"/>
  <system-out/>
  <testcase classname="com.Features.InvocationCount" name="Refresh" time="0.005"/>
  <system-out/>
</testsuite> <!-- com.Features.InvocationCount -->
