<?xml version="1.0" encoding="UTF-8"?>
<!-- Generated by org.testng.reporters.JUnitReportReporter -->
<testsuite hostname="sowmiii" failures="0" tests="1" name="com.Features.ExpectedException" time="0.099" errors="0" timestamp="2023-03-12T11:35:19 IST" skipped="0">
  <testcase classname="com.Features.ExpectedException" name="Calculation" time="0.099"/>
  <system-out/>
</testsuite> <!-- com.Features.ExpectedException -->
